
2022/09/02 (13:03:22) | ===> btop++ v.1.2.9
2022/09/02 (13:03:22) | ERROR: Invalid RGB decimal value: "ba1a84"

2022/09/05 (18:51:51) | ===> btop++ v.1.2.9
2022/09/05 (18:51:51) | ERROR: Stall in Runner thread, restarting!

2023/01/16 (11:18:04) | ===> btop++ v.1.2.13
2023/01/16 (11:18:04) | ERROR: Stall in Runner thread, restarting!

2023/04/29 (04:13:31) | ===> btop++ v.1.2.13
2023/04/29 (04:13:31) | INFO: Logger set to INFO
2023/04/29 (04:13:31) | INFO: Logger set to DEBUG

2025/04/07 (23:59:33) | ===> btop++ v.1.4.0
2025/04/07 (23:59:33) | WARNING: Intel GPU: Failed to initialize PMU

2025/04/07 (23:59:38) | ===> btop++ v.1.4.0
2025/04/07 (23:59:38) | WARNING: Intel GPU: Failed to initialize PMU

2025/04/07 (23:59:48) | ===> btop++ v.1.4.0
2025/04/07 (23:59:48) | WARNING: Intel GPU: Failed to initialize PMU

2025/04/08 (00:04:38) | ===> btop++ v.1.4.0
2025/04/08 (00:04:38) | WARNING: Intel GPU: Failed to initialize PMU

2025/04/09 (00:35:30) | ===> btop++ v.1.4.0
2025/04/09 (00:35:30) | WARNING: Intel GPU: Failed to initialize PMU

2025/04/09 (00:35:41) | ===> btop++ v.1.4.0
2025/04/09 (00:35:41) | WARNING: Intel GPU: Failed to initialize PMU
